B07ProjectApp/app/build/intermediates/manifest_merge_blame_file/debug/manifest-merger-blame-debug-report.txt
1<?xml version="1.0" encoding="utf-8"?>
2<manifest xmlns:android="http://schemas.android.com/apk/res/android"
3    package="com.example.b07projectapp"
4    android:versionCode="1"
5    android:versionName="1.0" >
6
7    <uses-sdk
8        android:minSdkVersion="27"
9        android:targetSdkVersion="34" />
10
11    <uses-permission android:name="android.permission.INTERNET" />
11-->src/main/AndroidManifest.xml:5:5-67
11-->src/main/AndroidManifest.xml:5:22-64
12
13    <!-- Although the *SdkVersion is captured in gradle build files, this is required for non gradle builds -->
14    <!-- <uses-sdk android:minSdkVersion="14"/> -->
15    <uses-permission android:name="android.permission.ACCESS_NETWORK_STATE" />
15-->[com.google.firebase:firebase-database:20.3.0] AndroidManifest.xml:22:5-79
15-->[com.google.firebase:firebase-database:20.3.0] AndroidManifest.xml:22:22-76
16    <uses-permission android:name="android.permission.WAKE_LOCK" />
16-->[com.google.android.gms:play-services-measurement:21.5.0] AndroidManifest.xml:25:5-68
16-->[com.google.android.gms:play-services-measurement:21.5.0] AndroidManifest.xml:25:22-65
17    <uses-permission android:name="com.google.android.finsky.permission.BIND_GET_INSTALL_REFERRER_SERVICE" />
17-->[com.google.android.gms:play-services-measurement:21.5.0] AndroidManifest.xml:26:5-110
17-->[com.google.android.gms:play-services-measurement:21.5.0] AndroidManifest.xml:26:22-107
18    <uses-permission android:name="com.google.android.gms.permission.AD_ID" />
18-->[com.google.android.gms:play-services-measurement-api:21.5.0] AndroidManifest.xml:25:5-79
18-->[com.google.android.gms:play-services-measurement-api:21.5.0] AndroidManifest.xml:25:22-76
19    <uses-permission android:name="android.permission.ACCESS_ADSERVICES_ATTRIBUTION" />
19-->[com.google.android.gms:play-services-measurement-api:21.5.0] AndroidManifest.xml:26:5-88
19-->[com.google.android.gms:play-services-measurement-api:21.5.0] AndroidManifest.xml:26:22-85
20    <uses-permission android:name="android.permission.ACCESS_ADSERVICES_AD_ID" />
20-->[com.google.android.gms:play-services-measurement-api:21.5.0] AndroidManifest.xml:27:5-82
20-->[com.google.android.gms:play-services-measurement-api:21.5.0] AndroidManifest.xml:27:22-79
21
22    <permission
22-->[androidx.core:core:1.9.0] AndroidManifest.xml:22:5-24:47
23        android:name="com.example.b07projectapp.DYNAMIC_RECEIVER_NOT_EXPORTED_PERMISSION"
23-->[androidx.core:core:1.9.0] AndroidManifest.xml:23:9-81
24        android:protectionLevel="signature" />
24-->[androidx.core:core:1.9.0] AndroidManifest.xml:24:9-44
25
26    <uses-permission android:name="com.example.b07projectapp.DYNAMIC_RECEIVER_NOT_EXPORTED_PERMISSION" />
26-->[androidx.core:core:1.9.0] AndroidManifest.xml:26:5-97
26-->[androidx.core:core:1.9.0] AndroidManifest.xml:26:22-94
27
28    <application
28-->src/main/AndroidManifest.xml:7:5-101:19
29        android:allowBackup="true"
29-->src/main/AndroidManifest.xml:8:9-35
30        android:appComponentFactory="androidx.core.app.CoreComponentFactory"
30-->[androidx.core:core:1.9.0] AndroidManifest.xml:28:18-86
31        android:dataExtractionRules="@xml/data_extraction_rules"
31-->src/main/AndroidManifest.xml:9:9-65
32        android:debuggable="true"
33        android:extractNativeLibs="false"
34        android:fullBackupContent="@xml/backup_rules"
34-->src/main/AndroidManifest.xml:10:9-54
35        android:icon="@mipmap/ic_launcher"
35-->src/main/AndroidManifest.xml:11:9-43
36        android:label="@string/app_name"
36-->src/main/AndroidManifest.xml:12:9-41
37        android:roundIcon="@mipmap/ic_launcher_round"
37-->src/main/AndroidManifest.xml:13:9-54
38        android:supportsRtl="true"
38-->src/main/AndroidManifest.xml:14:9-35
39        android:testOnly="true"
40        android:theme="@style/Theme.B07ProjectApp" >
40-->src/main/AndroidManifest.xml:15:9-51
41        <activity
41-->src/main/AndroidManifest.xml:17:9-19:40
42            android:name="com.example.b07projectapp.StudentViewAnnouncement"
42-->src/main/AndroidManifest.xml:18:13-52
43            android:exported="false" />
43-->src/main/AndroidManifest.xml:19:13-37
44        <activity
44-->src/main/AndroidManifest.xml:20:9-22:40
45            android:name="com.example.b07projectapp.Admin_View_Participants"
45-->src/main/AndroidManifest.xml:21:13-52
46            android:exported="false" />
46-->src/main/AndroidManifest.xml:22:13-37
47        <activity
47-->src/main/AndroidManifest.xml:23:9-25:40
48            android:name="com.example.b07projectapp.AnnouncementDetailAdmin"
48-->src/main/AndroidManifest.xml:24:13-52
49            android:exported="false" />
49-->src/main/AndroidManifest.xml:25:13-37
50        <activity
50-->src/main/AndroidManifest.xml:26:9-28:40
51            android:name="com.example.b07projectapp.AdminViewAnnouncement"
51-->src/main/AndroidManifest.xml:27:13-50
52            android:exported="false" />
52-->src/main/AndroidManifest.xml:28:13-37
53        <activity
53-->src/main/AndroidManifest.xml:29:9-31:40
54            android:name="com.example.b07projectapp.AdminPostAnnouncement"
54-->src/main/AndroidManifest.xml:30:13-50
55            android:exported="false" />
55-->src/main/AndroidManifest.xml:31:13-37
56        <activity
56-->src/main/AndroidManifest.xml:32:9-34:40
57            android:name="com.example.b07projectapp.AdminViewComplaint"
57-->src/main/AndroidManifest.xml:33:13-47
58            android:exported="false" />
58-->src/main/AndroidManifest.xml:34:13-37
59        <activity
59-->src/main/AndroidManifest.xml:35:9-37:40
60            android:name="com.example.b07projectapp.StudentEventList"
60-->src/main/AndroidManifest.xml:36:13-45
61            android:exported="false" />
61-->src/main/AndroidManifest.xml:37:13-37
62        <activity
62-->src/main/AndroidManifest.xml:38:9-40:40
63            android:name="com.example.b07projectapp.StudentCheckAnnouncements"
63-->src/main/AndroidManifest.xml:39:13-54
64            android:exported="false" />
64-->src/main/AndroidManifest.xml:40:13-37
65        <activity
65-->src/main/AndroidManifest.xml:41:9-43:40
66            android:name="com.example.b07projectapp.ViewComments"
66-->src/main/AndroidManifest.xml:42:13-41
67            android:exported="false" />
67-->src/main/AndroidManifest.xml:43:13-37
68        <activity
68-->src/main/AndroidManifest.xml:44:9-46:40
69            android:name="com.example.b07projectapp.AdminAddEvent"
69-->src/main/AndroidManifest.xml:45:13-42
70            android:exported="false" />
70-->src/main/AndroidManifest.xml:46:13-37
71        <activity
71-->src/main/AndroidManifest.xml:47:9-49:40
72            android:name="com.example.b07projectapp.AdminSignUp"
72-->src/main/AndroidManifest.xml:48:13-40
73            android:exported="false" />
73-->src/main/AndroidManifest.xml:49:13-37
74        <activity
74-->src/main/AndroidManifest.xml:50:9-52:40
75            android:name="com.example.b07projectapp.StudentComment"
75-->src/main/AndroidManifest.xml:51:13-43
76            android:exported="false" />
76-->src/main/AndroidManifest.xml:52:13-37
77        <activity
77-->src/main/AndroidManifest.xml:53:9-55:40
78            android:name="com.example.b07projectapp.MainActivity2"
78-->src/main/AndroidManifest.xml:54:13-42
79            android:exported="false" />
79-->src/main/AndroidManifest.xml:55:13-37
80        <activity
80-->src/main/AndroidManifest.xml:56:9-58:40
81            android:name="com.example.b07projectapp.StudentEvents"
81-->src/main/AndroidManifest.xml:57:13-42
82            android:exported="false" />
82-->src/main/AndroidManifest.xml:58:13-37
83        <activity
83-->src/main/AndroidManifest.xml:59:9-61:40
84            android:name="com.example.b07projectapp.login_module.AdminLogin"
84-->src/main/AndroidManifest.xml:60:13-52
85            android:exported="false" />
85-->src/main/AndroidManifest.xml:61:13-37
86        <activity
86-->src/main/AndroidManifest.xml:62:9-64:40
87            android:name="com.example.b07projectapp.AdminDashboard"
87-->src/main/AndroidManifest.xml:63:13-43
88            android:exported="false" />
88-->src/main/AndroidManifest.xml:64:13-37
89        <activity
89-->src/main/AndroidManifest.xml:65:9-67:40
90            android:name="com.example.b07projectapp.login_module.Login"
90-->src/main/AndroidManifest.xml:66:13-47
91            android:exported="false" />
91-->src/main/AndroidManifest.xml:67:13-37
92        <activity
92-->src/main/AndroidManifest.xml:68:9-70:40
93            android:name="com.example.b07projectapp.StudentDashboard"
93-->src/main/AndroidManifest.xml:69:13-45
94            android:exported="false" />
94-->src/main/AndroidManifest.xml:70:13-37
95        <activity
95-->src/main/AndroidManifest.xml:71:9-73:40
96            android:name="com.example.b07projectapp.StudentComplaint"
96-->src/main/AndroidManifest.xml:72:13-45
97            android:exported="false" />
97-->src/main/AndroidManifest.xml:73:13-37
98        <activity
98-->src/main/AndroidManifest.xml:74:9-76:40
99            android:name="com.example.b07projectapp.SignUpStudent"
99-->src/main/AndroidManifest.xml:75:13-42
100            android:exported="false" />
100-->src/main/AndroidManifest.xml:76:13-37
101        <activity
101-->src/main/AndroidManifest.xml:77:9-79:40
102            android:name="com.example.b07projectapp.PostsRequire"
102-->src/main/AndroidManifest.xml:78:13-41
103            android:exported="false" />
103-->src/main/AndroidManifest.xml:79:13-37
104        <activity
104-->src/main/AndroidManifest.xml:80:9-82:40
105            android:name="com.example.b07projectapp.PostsRequireMinor"
105-->src/main/AndroidManifest.xml:81:13-46
106            android:exported="false" />
106-->src/main/AndroidManifest.xml:82:13-37
107        <activity
107-->src/main/AndroidManifest.xml:83:9-85:40
108            android:name="com.example.b07projectapp.PostsRequireInsideCMS"
108-->src/main/AndroidManifest.xml:84:13-50
109            android:exported="false" />
109-->src/main/AndroidManifest.xml:85:13-37
110        <activity
110-->src/main/AndroidManifest.xml:86:9-88:40
111            android:name="com.example.b07projectapp.PostsRequireOutsideCMS"
111-->src/main/AndroidManifest.xml:87:13-51
112            android:exported="false" />
112-->src/main/AndroidManifest.xml:88:13-37
113        <activity
113-->src/main/AndroidManifest.xml:89:9-91:40
114            android:name="com.example.b07projectapp.PostsRequireSpecialistMajor"
114-->src/main/AndroidManifest.xml:90:13-56
115            android:exported="false" />
115-->src/main/AndroidManifest.xml:91:13-37
116        <activity
116-->src/main/AndroidManifest.xml:92:9-100:20
117            android:name="com.example.b07projectapp.MainActivity"
117-->src/main/AndroidManifest.xml:93:13-41
118            android:exported="true" >
118-->src/main/AndroidManifest.xml:94:13-36
119            <intent-filter>
119-->src/main/AndroidManifest.xml:95:13-99:29
120                <action android:name="android.intent.action.MAIN" />
120-->src/main/AndroidManifest.xml:96:17-69
120-->src/main/AndroidManifest.xml:96:25-66
121
122                <category android:name="android.intent.category.LAUNCHER" />
122-->src/main/AndroidManifest.xml:98:17-77
122-->src/main/AndroidManifest.xml:98:27-74
123            </intent-filter>
124        </activity>
125
126        <service
126-->[com.google.firebase:firebase-database:20.3.0] AndroidManifest.xml:26:9-35:19
127            android:name="com.google.firebase.components.ComponentDiscoveryService"
127-->[com.google.firebase:firebase-database:20.3.0] AndroidManifest.xml:27:13-84
128            android:directBootAware="true"
128-->[com.google.firebase:firebase-common:20.4.2] AndroidManifest.xml:32:13-43
129            android:exported="false" >
129-->[com.google.firebase:firebase-database:20.3.0] AndroidManifest.xml:28:13-37
130            <meta-data
130-->[com.google.firebase:firebase-database:20.3.0] AndroidManifest.xml:29:13-31:85
131                android:name="com.google.firebase.components:com.google.firebase.database.FirebaseDatabaseKtxRegistrar"
131-->[com.google.firebase:firebase-database:20.3.0] AndroidManifest.xml:30:17-120
132                android:value="com.google.firebase.components.ComponentRegistrar" />
132-->[com.google.firebase:firebase-database:20.3.0] AndroidManifest.xml:31:17-82
133            <meta-data
133-->[com.google.firebase:firebase-database:20.3.0] AndroidManifest.xml:32:13-34:85
134                android:name="com.google.firebase.components:com.google.firebase.database.DatabaseRegistrar"
134-->[com.google.firebase:firebase-database:20.3.0] AndroidManifest.xml:33:17-109
135                android:value="com.google.firebase.components.ComponentRegistrar" />
135-->[com.google.firebase:firebase-database:20.3.0] AndroidManifest.xml:34:17-82
136            <meta-data
136-->[com.google.android.gms:play-services-measurement-api:21.5.0] AndroidManifest.xml:37:13-39:85
137                android:name="com.google.firebase.components:com.google.firebase.analytics.connector.internal.AnalyticsConnectorRegistrar"
137-->[com.google.android.gms:play-services-measurement-api:21.5.0] AndroidManifest.xml:38:17-139
138                android:value="com.google.firebase.components.ComponentRegistrar" />
138-->[com.google.android.gms:play-services-measurement-api:21.5.0] AndroidManifest.xml:39:17-82
139            <meta-data
139-->[com.google.firebase:firebase-installations:17.2.0] AndroidManifest.xml:15:13-17:85
140                android:name="com.google.firebase.components:com.google.firebase.installations.FirebaseInstallationsKtxRegistrar"
140-->[com.google.firebase:firebase-installations:17.2.0] AndroidManifest.xml:16:17-130
141                android:value="com.google.firebase.components.ComponentRegistrar" />
141-->[com.google.firebase:firebase-installations:17.2.0] AndroidManifest.xml:17:17-82
142            <meta-data
142-->[com.google.firebase:firebase-installations:17.2.0] AndroidManifest.xml:18:13-20:85
143                android:name="com.google.firebase.components:com.google.firebase.installations.FirebaseInstallationsRegistrar"
143-->[com.google.firebase:firebase-installations:17.2.0] AndroidManifest.xml:19:17-127
144                android:value="com.google.firebase.components.ComponentRegistrar" />
144-->[com.google.firebase:firebase-installations:17.2.0] AndroidManifest.xml:20:17-82
145            <meta-data
145-->[com.google.firebase:firebase-common-ktx:20.4.2] AndroidManifest.xml:12:13-14:85
146                android:name="com.google.firebase.components:com.google.firebase.ktx.FirebaseCommonLegacyRegistrar"
146-->[com.google.firebase:firebase-common-ktx:20.4.2] AndroidManifest.xml:13:17-116
147                android:value="com.google.firebase.components.ComponentRegistrar" />
147-->[com.google.firebase:firebase-common-ktx:20.4.2] AndroidManifest.xml:14:17-82
148            <meta-data
148-->[com.google.firebase:firebase-common:20.4.2] AndroidManifest.xml:35:13-37:85
149                android:name="com.google.firebase.components:com.google.firebase.FirebaseCommonKtxRegistrar"
149-->[com.google.firebase:firebase-common:20.4.2] AndroidManifest.xml:36:17-109
150                android:value="com.google.firebase.components.ComponentRegistrar" />
150-->[com.google.firebase:firebase-common:20.4.2] AndroidManifest.xml:37:17-82
151        </service>
152
153        <provider
153-->[androidx.emoji2:emoji2:1.2.0] AndroidManifest.xml:24:9-32:20
154            android:name="androidx.startup.InitializationProvider"
154-->[androidx.emoji2:emoji2:1.2.0] AndroidManifest.xml:25:13-67
155            android:authorities="com.example.b07projectapp.androidx-startup"
155-->[androidx.emoji2:emoji2:1.2.0] AndroidManifest.xml:26:13-68
156            android:exported="false" >
156-->[androidx.emoji2:emoji2:1.2.0] AndroidManifest.xml:27:13-37
157            <meta-data
157-->[androidx.emoji2:emoji2:1.2.0] AndroidManifest.xml:29:13-31:52
158                android:name="androidx.emoji2.text.EmojiCompatInitializer"
158-->[androidx.emoji2:emoji2:1.2.0] AndroidManifest.xml:30:17-75
159                android:value="androidx.startup" />
159-->[androidx.emoji2:emoji2:1.2.0] AndroidManifest.xml:31:17-49
160            <meta-data
160-->[androidx.lifecycle:lifecycle-process:2.6.2] AndroidManifest.xml:29:13-31:52
161                android:name="androidx.lifecycle.ProcessLifecycleInitializer"
161-->[androidx.lifecycle:lifecycle-process:2.6.2] AndroidManifest.xml:30:17-78
162                android:value="androidx.startup" />
162-->[androidx.lifecycle:lifecycle-process:2.6.2] AndroidManifest.xml:31:17-49
163            <meta-data
163-->[androidx.profileinstaller:profileinstaller:1.3.0] AndroidManifest.xml:29:13-31:52
164                android:name="androidx.profileinstaller.ProfileInstallerInitializer"
164-->[androidx.profileinstaller:profileinstaller:1.3.0] AndroidManifest.xml:30:17-85
165                android:value="androidx.startup" />
165-->[androidx.profileinstaller:profileinstaller:1.3.0] AndroidManifest.xml:31:17-49
166        </provider>
167
168        <activity
168-->[com.google.android.gms:play-services-base:18.1.0] AndroidManifest.xml:20:9-22:45
169            android:name="com.google.android.gms.common.api.GoogleApiActivity"
169-->[com.google.android.gms:play-services-base:18.1.0] AndroidManifest.xml:20:19-85
170            android:exported="false"
170-->[com.google.android.gms:play-services-base:18.1.0] AndroidManifest.xml:22:19-43
171            android:theme="@android:style/Theme.Translucent.NoTitleBar" />
171-->[com.google.android.gms:play-services-base:18.1.0] AndroidManifest.xml:21:19-78
172
173        <receiver
173-->[com.google.android.gms:play-services-measurement:21.5.0] AndroidManifest.xml:29:9-33:20
174            android:name="com.google.android.gms.measurement.AppMeasurementReceiver"
174-->[com.google.android.gms:play-services-measurement:21.5.0] AndroidManifest.xml:30:13-85
175            android:enabled="true"
175-->[com.google.android.gms:play-services-measurement:21.5.0] AndroidManifest.xml:31:13-35
176            android:exported="false" >
176-->[com.google.android.gms:play-services-measurement:21.5.0] AndroidManifest.xml:32:13-37
177        </receiver>
178
179        <service
179-->[com.google.android.gms:play-services-measurement:21.5.0] AndroidManifest.xml:35:9-38:40
180            android:name="com.google.android.gms.measurement.AppMeasurementService"
180-->[com.google.android.gms:play-services-measurement:21.5.0] AndroidManifest.xml:36:13-84
181            android:enabled="true"
181-->[com.google.android.gms:play-services-measurement:21.5.0] AndroidManifest.xml:37:13-35
182            android:exported="false" />
182-->[com.google.android.gms:play-services-measurement:21.5.0] AndroidManifest.xml:38:13-37
183        <service
183-->[com.google.android.gms:play-services-measurement:21.5.0] AndroidManifest.xml:39:9-43:72
184            android:name="com.google.android.gms.measurement.AppMeasurementJobService"
184-->[com.google.android.gms:play-services-measurement:21.5.0] AndroidManifest.xml:40:13-87
185            android:enabled="true"
185-->[com.google.android.gms:play-services-measurement:21.5.0] AndroidManifest.xml:41:13-35
186            android:exported="false"
186-->[com.google.android.gms:play-services-measurement:21.5.0] AndroidManifest.xml:42:13-37
187            android:permission="android.permission.BIND_JOB_SERVICE" />
187-->[com.google.android.gms:play-services-measurement:21.5.0] AndroidManifest.xml:43:13-69
188
189        <property
189-->[com.google.android.gms:play-services-measurement-api:21.5.0] AndroidManifest.xml:30:9-32:61
190            android:name="android.adservices.AD_SERVICES_CONFIG"
190-->[com.google.android.gms:play-services-measurement-api:21.5.0] AndroidManifest.xml:31:13-65
191            android:resource="@xml/ga_ad_services_config" />
191-->[com.google.android.gms:play-services-measurement-api:21.5.0] AndroidManifest.xml:32:13-58
192
193        <provider
193-->[com.google.firebase:firebase-common:20.4.2] AndroidManifest.xml:23:9-28:39
194            android:name="com.google.firebase.provider.FirebaseInitProvider"
194-->[com.google.firebase:firebase-common:20.4.2] AndroidManifest.xml:24:13-77
195            android:authorities="com.example.b07projectapp.firebaseinitprovider"
195-->[com.google.firebase:firebase-common:20.4.2] AndroidManifest.xml:25:13-72
196            android:directBootAware="true"
196-->[com.google.firebase:firebase-common:20.4.2] AndroidManifest.xml:26:13-43
197            android:exported="false"
197-->[com.google.firebase:firebase-common:20.4.2] AndroidManifest.xml:27:13-37
198            android:initOrder="100" />
198-->[com.google.firebase:firebase-common:20.4.2] AndroidManifest.xml:28:13-36
199
200        <uses-library
200-->[androidx.privacysandbox.ads:ads-adservices:1.0.0-beta05] AndroidManifest.xml:23:9-25:40
201            android:name="android.ext.adservices"
201-->[androidx.privacysandbox.ads:ads-adservices:1.0.0-beta05] AndroidManifest.xml:24:13-50
202            android:required="false" />
202-->[androidx.privacysandbox.ads:ads-adservices:1.0.0-beta05] AndroidManifest.xml:25:13-37
203        <uses-library
203-->[androidx.window:window:1.0.0] AndroidManifest.xml:25:9-27:40
204            android:name="androidx.window.extensions"
204-->[androidx.window:window:1.0.0] AndroidManifest.xml:26:13-54
205            android:required="false" />
205-->[androidx.window:window:1.0.0] AndroidManifest.xml:27:13-37
206        <uses-library
206-->[androidx.window:window:1.0.0] AndroidManifest.xml:28:9-30:40
207            android:name="androidx.window.sidecar"
207-->[androidx.window:window:1.0.0] AndroidManifest.xml:29:13-51
208            android:required="false" />
208-->[androidx.window:window:1.0.0] AndroidManifest.xml:30:13-37
209
210        <meta-data
210-->[com.google.android.gms:play-services-basement:18.1.0] AndroidManifest.xml:21:9-23:69
211            android:name="com.google.android.gms.version"
211-->[com.google.android.gms:play-services-basement:18.1.0] AndroidManifest.xml:22:13-58
212            android:value="@integer/google_play_services_version" />
212-->[com.google.android.gms:play-services-basement:18.1.0] AndroidManifest.xml:23:13-66
213
214        <receiver
214-->[androidx.profileinstaller:profileinstaller:1.3.0] AndroidManifest.xml:34:9-52:20
215            android:name="androidx.profileinstaller.ProfileInstallReceiver"
215-->[androidx.profileinstaller:profileinstaller:1.3.0] AndroidManifest.xml:35:13-76
216            android:directBootAware="false"
216-->[androidx.profileinstaller:profileinstaller:1.3.0] AndroidManifest.xml:36:13-44
217            android:enabled="true"
217-->[androidx.profileinstaller:profileinstaller:1.3.0] AndroidManifest.xml:37:13-35
218            android:exported="true"
218-->[androidx.profileinstaller:profileinstaller:1.3.0] AndroidManifest.xml:38:13-36
219            android:permission="android.permission.DUMP" >
219-->[androidx.profileinstaller:profileinstaller:1.3.0] AndroidManifest.xml:39:13-57
220            <intent-filter>
220-->[androidx.profileinstaller:profileinstaller:1.3.0] AndroidManifest.xml:40:13-42:29
221                <action android:name="androidx.profileinstaller.action.INSTALL_PROFILE" />
221-->[androidx.profileinstaller:profileinstaller:1.3.0] AndroidManifest.xml:41:17-91
221-->[androidx.profileinstaller:profileinstaller:1.3.0] AndroidManifest.xml:41:25-88
222            </intent-filter>
223            <intent-filter>
223-->[androidx.profileinstaller:profileinstaller:1.3.0] AndroidManifest.xml:43:13-45:29
224                <action android:name="androidx.profileinstaller.action.SKIP_FILE" />
224-->[androidx.profileinstaller:profileinstaller:1.3.0] AndroidManifest.xml:44:17-85
224-->[androidx.profileinstaller:profileinstaller:1.3.0] AndroidManifest.xml:44:25-82
225            </intent-filter>
226            <intent-filter>
226-->[androidx.profileinstaller:profileinstaller:1.3.0] AndroidManifest.xml:46:13-48:29
227                <action android:name="androidx.profileinstaller.action.SAVE_PROFILE" />
227-->[androidx.profileinstaller:profileinstaller:1.3.0] AndroidManifest.xml:47:17-88
227-->[androidx.profileinstaller:profileinstaller:1.3.0] AndroidManifest.xml:47:25-85
228            </intent-filter>
229            <intent-filter>
229-->[androidx.profileinstaller:profileinstaller:1.3.0] AndroidManifest.xml:49:13-51:29
230                <action android:name="androidx.profileinstaller.action.BENCHMARK_OPERATION" />
230-->[androidx.profileinstaller:profileinstaller:1.3.0] AndroidManifest.xml:50:17-95
230-->[androidx.profileinstaller:profileinstaller:1.3.0] AndroidManifest.xml:50:25-92
231            </intent-filter>
232        </receiver>
233    </application>
234
235</manifest>